<?xml version="1.0" encoding="UTF-8"?>
<testng-results skipped="0" failed="0" total="1" passed="1">
  <reporter-output>
  </reporter-output>
  <suite name="Default suite" duration-ms="11441" started-at="2016-10-28T05:43:15Z" finished-at="2016-10-28T05:43:27Z">
    <groups>
    </groups>
    <test name="Default test" duration-ms="11441" started-at="2016-10-28T05:43:15Z" finished-at="2016-10-28T05:43:27Z">
      <class name="base.Browser">
        <test-method status="PASS" signature="start()[pri:0, instance:base.Browser@643b1d11]" name="start" duration-ms="11415" started-at="2016-10-28T01:43:15Z" finished-at="2016-10-28T01:43:27Z">
          <reporter-output>
          </reporter-output>
        </test-method> <!-- start -->
      </class> <!-- base.Browser -->
    </test> <!-- Default test -->
  </suite> <!-- Default suite -->
</testng-results>
